# column   1     --> step : The current simulation time step.
# column   2     --> potential{electronvolt} : The physical system potential energy.
    0.00000000e+00     3.26575622e+00   
    1.00000000e+00     1.12604684e+00   
    2.00000000e+00     3.40445043e-01   
    3.00000000e+00     8.57102039e-02   
    4.00000000e+00     3.98703611e-02   
    5.00000000e+00     2.09751318e-02   
    6.00000000e+00     1.23137329e-02   
    7.00000000e+00     7.26009103e-03   
    8.00000000e+00     4.39006282e-03   
    9.00000000e+00     2.68807087e-03   
    1.00000000e+01     1.69463915e-03   
    1.10000000e+01     1.10008642e-03   
    1.20000000e+01     7.46451146e-04   
    1.30000000e+01     5.32407696e-04   
    1.40000000e+01     4.03039569e-04   
    1.50000000e+01     3.23841128e-04   
    1.60000000e+01     2.75320048e-04   
    1.70000000e+01     2.45306942e-04   
    1.80000000e+01     2.26712309e-04   
    1.90000000e+01     2.15106447e-04   
    2.00000000e+01     2.07847665e-04   
    2.10000000e+01     2.03279911e-04   
    2.20000000e+01     2.00397835e-04   
    2.30000000e+01     1.98567834e-04   
    2.40000000e+01     1.97400794e-04   
    2.50000000e+01     1.96649717e-04   
    2.60000000e+01     1.96162198e-04   
    2.70000000e+01     1.95840387e-04   
    2.80000000e+01     1.95624258e-04   
    2.90000000e+01     1.95474358e-04   
    3.00000000e+01     1.95367039e-04   
    3.10000000e+01     1.95286082e-04   
