# column   1     --> step : The current simulation time step.
# column   2     --> potential{electronvolt} : The physical system potential energy.
    0.00000000e+00     3.26575622e+00   
    1.00000000e+00     1.12604684e+00   
    2.00000000e+00     3.40436178e-01   
    3.00000000e+00     8.57059022e-02   
    4.00000000e+00     3.98682446e-02   
    5.00000000e+00     2.09743660e-02   
    6.00000000e+00     1.23134988e-02   
    7.00000000e+00     7.26008108e-03   
    8.00000000e+00     4.39016595e-03   
    9.00000000e+00     2.68821675e-03   
    1.00000000e+01     1.69475986e-03   
    1.10000000e+01     1.10017689e-03   
    1.20000000e+01     7.46520693e-04   
    1.30000000e+01     5.32457399e-04   
    1.40000000e+01     4.03076065e-04   
    1.50000000e+01     3.23866644e-04   
    1.60000000e+01     2.75338454e-04   
    1.70000000e+01     2.45320020e-04   
    1.80000000e+01     2.26721261e-04   
    1.90000000e+01     2.15112551e-04   
    2.00000000e+01     2.07851923e-04   
    2.10000000e+01     2.03282852e-04   
    2.20000000e+01     2.00399843e-04   
    2.30000000e+01     1.98569134e-04   
    2.40000000e+01     1.97401612e-04   
    2.50000000e+01     1.96650222e-04   
    2.60000000e+01     1.96162526e-04   
    2.70000000e+01     1.95840616e-04   
    2.80000000e+01     1.95624421e-04   
    2.90000000e+01     1.95474479e-04   
    3.00000000e+01     1.95367135e-04   
    3.10000000e+01     1.95286148e-04   
    3.20000000e+01     1.95222276e-04   
